Determining if the pthread_create exist failed with the following output:
Change Dir: /home/mendes/Dev/ros-tutorial/build/CMakeFiles/CMakeTmp

Run Build Command:/usr/bin/make "cmTryCompileExec960501798/fast"
/usr/bin/make -f CMakeFiles/cmTryCompileExec960501798.dir/build.make CMakeFiles/cmTryCompileExec960501798.dir/build
make[1]: Entering directory `/home/mendes/Dev/ros-tutorial/build/CMakeFiles/CMakeTmp'
/usr/bin/cmake -E cmake_progress_report /home/mendes/Dev/ros-tutorial/build/CMakeFiles/CMakeTmp/CMakeFiles 1
Building C object CMakeFiles/cmTryCompileExec960501798.dir/CheckSymbolExists.c.o
/usr/bin/cc    -o CMakeFiles/cmTryCompileExec960501798.dir/CheckSymbolExists.c.o   -c /home/mendes/Dev/ros-tutorial/build/CMakeFiles/CMakeTmp/CheckSymbolExists.c
Linking C executable cmTryCompileExec960501798
/usr/bin/cmake -E cmake_link_script CMakeFiles/cmTryCompileExec960501798.dir/link.txt --verbose=1
/usr/bin/cc       CMakeFiles/cmTryCompileExec960501798.dir/CheckSymbolExists.c.o  -o cmTryCompileExec960501798 -rdynamic 
CMakeFiles/cmTryCompileExec960501798.dir/CheckSymbolExists.c.o: In function `main':
CheckSymbolExists.c:(.text+0x16): undefined reference to `pthread_create'
collect2: error: ld returned 1 exit status
make[1]: *** [cmTryCompileExec960501798] Error 1
make[1]: Leaving directory `/home/mendes/Dev/ros-tutorial/build/CMakeFiles/CMakeTmp'
make: *** [cmTryCompileExec960501798/fast] Error 2

File /home/mendes/Dev/ros-tutorial/build/CMakeFiles/CMakeTmp/CheckSymbolExists.c:
/* */
#include <pthread.h>

int main(int argc, char** argv)
{
  (void)argv;
#ifndef pthread_create
  return ((int*)(&pthread_create))[argc];
#else
  (void)argc;
  return 0;
#endif
}

Determining if the function pthread_create exists in the pthreads failed with the following output:
Change Dir: /home/mendes/Dev/ros-tutorial/build/CMakeFiles/CMakeTmp

Run Build Command:/usr/bin/make "cmTryCompileExec3465381674/fast"
/usr/bin/make -f CMakeFiles/cmTryCompileExec3465381674.dir/build.make CMakeFiles/cmTryCompileExec3465381674.dir/build
make[1]: Entering directory `/home/mendes/Dev/ros-tutorial/build/CMakeFiles/CMakeTmp'
/usr/bin/cmake -E cmake_progress_report /home/mendes/Dev/ros-tutorial/build/CMakeFiles/CMakeTmp/CMakeFiles 1
Building C object CMakeFiles/cmTryCompileExec3465381674.dir/CheckFunctionExists.c.o
/usr/bin/cc   -DCHECK_FUNCTION_EXISTS=pthread_create   -o CMakeFiles/cmTryCompileExec3465381674.dir/CheckFunctionExists.c.o   -c /usr/share/cmake-2.8/Modules/CheckFunctionExists.c
Linking C executable cmTryCompileExec3465381674
/usr/bin/cmake -E cmake_link_script CMakeFiles/cmTryCompileExec3465381674.dir/link.txt --verbose=1
/usr/bin/cc   -DCHECK_FUNCTION_EXISTS=pthread_create    CMakeFiles/cmTryCompileExec3465381674.dir/CheckFunctionExists.c.o  -o cmTryCompileExec3465381674 -rdynamic -lpthreads 
/usr/bin/ld: cannot find -lpthreads
collect2: error: ld returned 1 exit status
make[1]: *** [cmTryCompileExec3465381674] Error 1
make[1]: Leaving directory `/home/mendes/Dev/ros-tutorial/build/CMakeFiles/CMakeTmp'
make: *** [cmTryCompileExec3465381674/fast] Error 2


